<?xml version="1.0" encoding="UTF-8"?>
<testsuite xmlns:xsi="http://www.w3.org/2001/XMLSchema-instance" xsi:noNamespaceSchemaLocation="https://maven.apache.org/surefire/maven-surefire-plugin/xsd/surefire-test-report.xsd" name="TestPersonalAccount" time="36.041" tests="8" errors="1" skipped="0" failures="1">
  <properties>
[...]
</properties>
  <testcase name="testClickStellarBurgerLogoYandex" classname="TestPersonalAccount" time="4.24"/>
  <testcase name="testClickConstructorButtonYandex" classname="TestPersonalAccount" time="4.646"/>
  <testcase name="testClickLogoutButtonChrome" classname="TestPersonalAccount" time="4.063"/>
  <testcase name="testClickLogoutButtonYandex" classname="TestPersonalAccount" time="6.061"/>
  <testcase name="testClickPersonalAccountButtonChrome" classname="TestPersonalAccount" time="4.111"/>
  <testcase name="testClickPersonalAccountButtonYandex" classname="TestPersonalAccount" time="4.003">
    <failure message="expected:&lt;....nomoreparties.site/[account]&gt; but was:&lt;....nomoreparties.site/[login]&gt;" type="org.junit.ComparisonFailure"><![CDATA[org.junit.ComparisonFailure: expected:<....nomoreparties.site/[account]> but was:<....nomoreparties.site/[login]>
	at TestPersonalAccount.testClickPersonalAccountButtonYandex(TestPersonalAccount.java:74)
]]></failure>
    <system-err><![CDATA[Starting ChromeDriver 106.0.5249.168 (1e632ed304d112dadedeafb9b2340b256d3ea04b) on port 34306
Only local connections are allowed.
Please see https://chromedriver.chromium.org/security-considerations for suggestions on keeping ChromeDriver safe.
ChromeDriver was started successfully.
янв. 14, 2023 1:20:22 AM org.openqa.selenium.remote.ProtocolHandshake createSession
INFO: Detected dialect: W3C
]]></system-err>
  </testcase>
  <testcase name="testClickStellarBurgerLogoChrome" classname="TestPersonalAccount" time="3.458"/>
  <testcase name="testClickConstructorButtonChrome" classname="TestPersonalAccount" time="5.451">
    <error message="element click intercepted: Element &lt;a class=&quot;AppHeader_header__link__3D_hX&quot; href=&quot;/&quot;&gt;...&lt;/a&gt; is not clickable at point (293, 44). Other element would receive the click: &lt;div class=&quot;Modal_modal_overlay__x2ZCr&quot;&gt;&lt;/div&gt;&#10;  (Session info: chrome=109.0.5414.74)&#10;Build info: version: &apos;3.141.59&apos;, revision: &apos;e82be7d358&apos;, time: &apos;2018-11-14T08:17:03&apos;&#10;System info: host: &apos;DESKTOP-GHNRDEJ&apos;, ip: &apos;10.14.100.171&apos;, os.name: &apos;Windows 10&apos;, os.arch: &apos;amd64&apos;, os.version: &apos;10.0&apos;, java.version: &apos;11.0.17&apos;&#10;Driver info: org.openqa.selenium.chrome.ChromeDriver&#10;Capabilities {acceptInsecureCerts: false, browserName: chrome, browserVersion: 109.0.5414.74, chrome: {chromedriverVersion: 108.0.5359.71 (1e0e3868ee06..., userDataDir: C:\Users\nosar\AppData\Loca...}, goog:chromeOptions: {debuggerAddress: localhost:60182}, javascriptEnabled: true, networkConnectionEnabled: false, pageLoadStrategy: normal, platform: WINDOWS, platformName: WINDOWS, proxy: Proxy(), setWindowRect: true, strictFileInteractability: false, timeouts: {implicit: 0, pageLoad: 300000, script: 30000}, unhandledPromptBehavior: dismiss and notify, webauthn:extension:credBlob: true, webauthn:extension:largeBlob: true, webauthn:virtualAuthenticators: true}&#10;Session ID: 6116cbbff1cdf2811b1caf8342c67563" type="org.openqa.selenium.ElementClickInterceptedException"><![CDATA[org.openqa.selenium.ElementClickInterceptedException: 
element click intercepted: Element <a class="AppHeader_header__link__3D_hX" href="/">...</a> is not clickable at point (293, 44). Other element would receive the click: <div class="Modal_modal_overlay__x2ZCr"></div>
  (Session info: chrome=109.0.5414.74)
Build info: version: '3.141.59', revision: 'e82be7d358', time: '2018-11-14T08:17:03'
System info: host: 'DESKTOP-GHNRDEJ', ip: '10.14.100.171', os.name: 'Windows 10', os.arch: 'amd64', os.version: '10.0', java.version: '11.0.17'
Driver info: org.openqa.selenium.chrome.ChromeDriver
Capabilities {acceptInsecureCerts: false, browserName: chrome, browserVersion: 109.0.5414.74, chrome: {chromedriverVersion: 108.0.5359.71 (1e0e3868ee06..., userDataDir: C:\Users\nosar\AppData\Loca...}, goog:chromeOptions: {debuggerAddress: localhost:60182}, javascriptEnabled: true, networkConnectionEnabled: false, pageLoadStrategy: normal, platform: WINDOWS, platformName: WINDOWS, proxy: Proxy(), setWindowRect: true, strictFileInteractability: false, timeouts: {implicit: 0, pageLoad: 300000, script: 30000}, unhandledPromptBehavior: dismiss and notify, webauthn:extension:credBlob: true, webauthn:extension:largeBlob: true, webauthn:virtualAuthenticators: true}
Session ID: 6116cbbff1cdf2811b1caf8342c67563
	at TestPersonalAccount.testClickConstructorButtonChrome(TestPersonalAccount.java:43)
]]></error>
    <system-err><![CDATA[Starting ChromeDriver 108.0.5359.71 (1e0e3868ee06e91ad636a874420e3ca3ae3756ac-refs/branch-heads/5359@{#1016}) on port 40845
Only local connections are allowed.
Please see https://chromedriver.chromium.org/security-considerations for suggestions on keeping ChromeDriver safe.
ChromeDriver was started successfully.
[1673641229.708][WARNING]: This version of ChromeDriver has not been tested with Chrome version 109.
янв. 14, 2023 1:20:29 AM org.openqa.selenium.remote.ProtocolHandshake createSession
INFO: Detected dialect: W3C
]]></system-err>
  </testcase>
</testsuite>